<?xml version="1.0" encoding="UTF-8"?>
<robot generated="20190213 16:04:15.105" generator="Robot 3.0.4 (Python 2.7.15 on win32)">
<suite source="C:\automation\ROBOT_ATF\automation-connect-client\Automation\RobotScripts\TestCases\Call-Control-Feature_266316.robot" id="s1" name="Call-Control-Feature 266316">
<test id="s1-t1" name="Call-Control-Feature">
<kw name="Run Keyword If" library="BuiltIn">
<doc>Runs the given keyword with the given arguments, if ``condition`` is true.</doc>
<arguments>
<arg>${conf.parallel_execution} == 1</arg>
<arg>Parallel Execution</arg>
<arg>ELSE</arg>
<arg>Serial Execution</arg>
</arguments>
<kw name="Parallel Execution">
<kw name="Import Library" library="BuiltIn">
<doc>Imports a library with the given name and optional arguments.</doc>
<arguments>
<arg>C:\\automation\\ROBOT_ATF\\automation-connect-client\\Automation\\RobotScripts\\TestCases/../../ManhattanLibrary/lib/mnh_parallel_executor.py</arg>
</arguments>
<status status="PASS" endtime="20190213 16:04:16.120" starttime="20190213 16:04:15.589"></status>
</kw>
<kw name="Launch Login with ${user01} and ${user02} and ${user03} and ${user04} and 4" library="ManhattanComponentKeywords">
<assign>
<var>${objects_list}</var>
</assign>
<kw name="Create Dictionary" library="BuiltIn">
<doc>Creates and returns a dictionary based on the given ``items``.</doc>
<arguments>
<arg>user1=${user1}</arg>
<arg>user2=${user2}</arg>
<arg>user3=${user3}</arg>
<arg>user4=${user4}</arg>
<arg>client_count=${client_count}</arg>
</arguments>
<assign>
<var>&amp;{params}</var>
</assign>
<msg timestamp="20190213 16:04:16.120" level="INFO">&amp;{params} = { user1={'ip': '', 'extension': '2490', 'server': 'clientstart.sky.shoretel.com', 'phone_type': 'p8cg', 'user_type': 'Manhattan', 'mac': '001049454AC4', 'first_name': 'auto1', 'middle_name': '', 'last...</msg>
<status status="PASS" endtime="20190213 16:04:16.120" starttime="20190213 16:04:16.120"></status>
</kw>
<kw name="Launch Login" library="mnh_parallel_executor">
<arguments>
<arg>&amp;{params}</arg>
</arguments>
<assign>
<var>${result}</var>
</assign>
<msg timestamp="20190213 16:04:37.605" level="INFO">Map directory for &lt;manhattancomponent&gt; is &lt;C:\automation\ROBOT_ATF\automation-connect-client\Automation/ManhattanLibrary/map\manhattancomponent&gt;
Map directory for &lt;manhattancomponent&gt; is &lt;C:\automation\ROBOT_ATF\automation-connect-client\Automation/ManhattanLibrary/map\manhattancomponent&gt;
Map directory for &lt;manhattancomponent&gt; is &lt;C:\automation\ROBOT_ATF\automation-connect-client\Automation/ManhattanLibrary/map\manhattancomponent&gt;
('element_not_displayed len -- ', 0)
('element_not_displayed len -- ', 0)
('element_not_displayed len -- ', 0)</msg>
<msg timestamp="20190213 16:04:37.605" level="INFO">Browser - ERROR - Unable to create driver object! (&lt;class 'selenium.common.exceptions.WebDriverException'&gt;, WebDriverException(), &lt;traceback object at 0x0328C4E0&gt;)
Browser - ERROR - Unable to create driver object! (&lt;class 'selenium.common.exceptions.WebDriverException'&gt;, WebDriverException(), &lt;traceback object at 0x0328C4E0&gt;)
Browser - ERROR - Unable to create driver object! (&lt;class 'selenium.common.exceptions.WebDriverException'&gt;, WebDriverException(), &lt;traceback object at 0x0328C4E0&gt;)
Browser - ERROR - Unable to create driver object! (&lt;class 'selenium.common.exceptions.WebDriverException'&gt;, WebDriverException(), &lt;traceback object at 0x0328C4E0&gt;)
Exception in thread Thread-2:
Traceback (most recent call last):
  File "C:\Python27\lib\threading.py", line 801, in __bootstrap_inner
    self.run()
  File "C:\Python27\lib\threading.py", line 754, in run
    self.__target(*self.__args, **self.__kwargs)
  File "C:\automation\ROBOT_ATF\automation-connect-client\Automation\ManhattanLibrary\lib\mnh_parallel_executor.py", line 13, in parallel_launch
    obj.launch_client(dict)
  File "C:\automation\ROBOT_ATF\automation-connect-client\Automation\ManhattanLibrary\lib\ManhattanComponent.py", line 65, in launch_client
    self._browser = Browser(self.params)
  File "C:\automation\ROBOT_ATF\Framework\web_wrappers\selenium_wrappers\Browser.py", line 74, in __init__
    "id": self._browser.find_elements_by_id,
AttributeError: 'NoneType' object has no attribute 'find_elements_by_id'

ManhattanComponent - ERROR - Client_login - Failed to Login to Manhattan (&lt;type 'exceptions.AttributeError'&gt;, AttributeError("ManhattanComponent instance has no attribute 'common_func'",), &lt;traceback object at 0x04107B20&gt;)
ManhattanComponent - ERROR - Client_login - Failed to Login to Manhattan (&lt;type 'exceptions.AttributeError'&gt;, AttributeError("ManhattanComponent instance has no attribute 'common_func'",), &lt;traceback object at 0x04107B20&gt;)
ManhattanComponent - ERROR - Client_login - Failed to Login to Manhattan (&lt;type 'exceptions.AttributeError'&gt;, AttributeError("ManhattanComponent instance has no attribute 'common_func'",), &lt;traceback object at 0x04107B20&gt;)
ManhattanComponent - ERROR - Client_login - Failed to Login to Manhattan (&lt;type 'exceptions.AttributeError'&gt;, AttributeError("ManhattanComponent instance has no attribute 'common_func'",), &lt;traceback object at 0x04107B20&gt;)
Exception in thread Thread-6:
Traceback (most recent call last):
  File "C:\Python27\lib\threading.py", line 801, in __bootstrap_inner
    self.run()
  File "C:\Python27\lib\threading.py", line 754, in run
    self.__target(*self.__args, **self.__kwargs)
  File "C:\automation\ROBOT_ATF\automation-connect-client\Automation\ManhattanLibrary\lib\mnh_parallel_executor.py", line 16, in parallel_login
    obj.client_login(**user)
  File "C:\automation\ROBOT_ATF\automation-connect-client\Automation\ManhattanLibrary\lib\ManhattanComponent.py", line 100, in client_login
    raise Exception("ManhattanComponent error Client_login - Failed to Login to Manhattan")
Exception: ManhattanComponent error Client_login - Failed to Login to Manhattan

CommonFunctionality - INFO - Login - Trying to login using auto2@maha.com and Abc123!!
CommonFunctionality - INFO - Login - Trying to login using auto2@maha.com and Abc123!!
CommonFunctionality - INFO - Login - Trying to login using auto2@maha.com and Abc123!!
CommonFunctionality - INFO - Login - Trying to login using auto2@maha.com and Abc123!!
CommonFunctionality - INFO - Login - Trying to login using auto3@maha.com and Abc123!!
CommonFunctionality - INFO - Login - Trying to login using auto3@maha.com and Abc123!!
CommonFunctionality - INFO - Login - Trying to login using auto3@maha.com and Abc123!!
CommonFunctionality - INFO - Login - Trying to login using auto3@maha.com and Abc123!!
CommonFunctionality - INFO - Login - Trying to login using auto4@maha.com and Abc123!!
CommonFunctionality - INFO - Login - Trying to login using auto4@maha.com and Abc123!!
CommonFunctionality - INFO - Login - Trying to login using auto4@maha.com and Abc123!!
CommonFunctionality - INFO - Login - Trying to login using auto4@maha.com and Abc123!!
CommonFunctionality - INFO - login- Trying to login using auto3@maha.com and Abc123!!
CommonFunctionality - INFO - login- Trying to login using auto3@maha.com and Abc123!!
CommonFunctionality - INFO - login- Trying to login using auto3@maha.com and Abc123!!
CommonFunctionality - INFO - login- Trying to login using auto3@maha.com and Abc123!!
CommonFunctionality - INFO - login- Trying to login using auto4@maha.com and Abc123!!
CommonFunctionality - INFO - login- Trying to login using auto4@maha.com and Abc123!!
CommonFunctionality - INFO - login- Trying to login using auto4@maha.com and Abc123!!
CommonFunctionality - INFO - login- Trying to login using auto4@maha.com and Abc123!!
CommonFunctionality - INFO - login- Trying to login using auto2@maha.com and Abc123!!
CommonFunctionality - INFO - login- Trying to login using auto2@maha.com and Abc123!!
CommonFunctionality - INFO - login- Trying to login using auto2@maha.com and Abc123!!
CommonFunctionality - INFO - login- Trying to login using auto2@maha.com and Abc123!!
DefaultPanel - INFO - change_user_status - User status changed to Available
DefaultPanel - INFO - change_user_status - User status changed to Available
DefaultPanel - INFO - change_user_status - User status changed to Available
DefaultPanel - INFO - change_user_status - User status changed to Available
ManhattanComponent - INFO - Client_login - Login to Manhattan successful
ManhattanComponent - INFO - Client_login - Login to Manhattan successful
ManhattanComponent - INFO - Client_login - Login to Manhattan successful
ManhattanComponent - INFO - Client_login - Login to Manhattan successful
DefaultPanel - INFO - change_user_status - User status changed to Available
DefaultPanel - INFO - change_user_status - User status changed to Available
DefaultPanel - INFO - change_user_status - User status changed to Available
DefaultPanel - INFO - change_user_status - User status changed to Available
ManhattanComponent - INFO - Client_login - Login to Manhattan successful
ManhattanComponent - INFO - Client_login - Login to Manhattan successful
ManhattanComponent - INFO - Client_login - Login to Manhattan successful
ManhattanComponent - INFO - Client_login - Login to Manhattan successful
DefaultPanel - INFO - change_user_status - User status changed to Available
DefaultPanel - INFO - change_user_status - User status changed to Available
DefaultPanel - INFO - change_user_status - User status changed to Available
DefaultPanel - INFO - change_user_status - User status changed to Available
ManhattanComponent - INFO - Client_login - Login to Manhattan successful
ManhattanComponent - INFO - Client_login - Login to Manhattan successful
ManhattanComponent - INFO - Client_login - Login to Manhattan successful
ManhattanComponent - INFO - Client_login - Login to Manhattan successful
Exception in thread Thread-10:
Traceback (most recent call last):
  File "C:\Python27\lib\threading.py", line 801, in __bootstrap_inner
    self.run()
  File "C:\Python27\lib\threading.py", line 754, in run
    self.__target(*self.__args, **self.__kwargs)
  File "C:\automation\ROBOT_ATF\automation-connect-client\Automation\ManhattanLibrary\lib\mnh_parallel_executor.py", line 22, in parallel_hookup
    obj.end_voicemail_call()
  File "C:\automation\ROBOT_ATF\automation-connect-client\Automation\ManhattanLibrary\lib\ManhattanComponent.py", line 1570, in end_voicemail_call
    call_list = self._browser.elements_finder("End_VoiceMail_Call")
AttributeError: ManhattanComponent instance has no attribute '_browser'</msg>
<msg timestamp="20190213 16:04:37.609" level="INFO">${result} = [&lt;ManhattanComponent.ManhattanComponent instance at 0x04107A30&gt;, &lt;ManhattanComponent.ManhattanComponent instance at 0x04107A58&gt;, &lt;ManhattanComponent.ManhattanComponent instance at 0x04107A80&gt;, &lt;Manhat...</msg>
<status status="PASS" endtime="20190213 16:04:37.609" starttime="20190213 16:04:16.120"></status>
</kw>
<msg timestamp="20190213 16:04:37.610" level="INFO">${objects_list} = [&lt;ManhattanComponent.ManhattanComponent instance at 0x04107A30&gt;, &lt;ManhattanComponent.ManhattanComponent instance at 0x04107A58&gt;, &lt;ManhattanComponent.ManhattanComponent instance at 0x04107A80&gt;, &lt;Manhat...</msg>
<status status="PASS" endtime="20190213 16:04:37.610" starttime="20190213 16:04:16.120"></status>
</kw>
<kw name="Get From List" library="Collections">
<doc>Returns the value specified with an ``index`` from ``list``.</doc>
<arguments>
<arg>${objects_list}</arg>
<arg>0</arg>
</arguments>
<assign>
<var>${client_one}</var>
</assign>
<msg timestamp="20190213 16:04:37.613" level="INFO">${client_one} = &lt;ManhattanComponent.ManhattanComponent instance at 0x04107A30&gt;</msg>
<status status="PASS" endtime="20190213 16:04:37.613" starttime="20190213 16:04:37.611"></status>
</kw>
<kw name="Get From List" library="Collections">
<doc>Returns the value specified with an ``index`` from ``list``.</doc>
<arguments>
<arg>${objects_list}</arg>
<arg>1</arg>
</arguments>
<assign>
<var>${client_two}</var>
</assign>
<msg timestamp="20190213 16:04:37.621" level="INFO">${client_two} = &lt;ManhattanComponent.ManhattanComponent instance at 0x04107A58&gt;</msg>
<status status="PASS" endtime="20190213 16:04:37.621" starttime="20190213 16:04:37.618"></status>
</kw>
<kw name="Get From List" library="Collections">
<doc>Returns the value specified with an ``index`` from ``list``.</doc>
<arguments>
<arg>${objects_list}</arg>
<arg>2</arg>
</arguments>
<assign>
<var>${client_three}</var>
</assign>
<msg timestamp="20190213 16:04:37.624" level="INFO">${client_three} = &lt;ManhattanComponent.ManhattanComponent instance at 0x04107A80&gt;</msg>
<status status="PASS" endtime="20190213 16:04:37.624" starttime="20190213 16:04:37.622"></status>
</kw>
<kw name="Get From List" library="Collections">
<doc>Returns the value specified with an ``index`` from ``list``.</doc>
<arguments>
<arg>${objects_list}</arg>
<arg>3</arg>
</arguments>
<assign>
<var>${client_four}</var>
</assign>
<msg timestamp="20190213 16:04:37.627" level="INFO">${client_four} = &lt;ManhattanComponent.ManhattanComponent instance at 0x04107AA8&gt;</msg>
<status status="PASS" endtime="20190213 16:04:37.627" starttime="20190213 16:04:37.625"></status>
</kw>
<kw name="Set Test Variable" library="BuiltIn">
<doc>Makes a variable available everywhere within the scope of the current test.</doc>
<arguments>
<arg>${client1}</arg>
<arg>${client_one}</arg>
</arguments>
<msg timestamp="20190213 16:04:37.631" level="INFO">${client1} = &lt;ManhattanComponent.ManhattanComponent instance at 0x04107A30&gt;</msg>
<status status="PASS" endtime="20190213 16:04:37.632" starttime="20190213 16:04:37.628"></status>
</kw>
<kw name="Set Test Variable" library="BuiltIn">
<doc>Makes a variable available everywhere within the scope of the current test.</doc>
<arguments>
<arg>${client2}</arg>
<arg>${client_two}</arg>
</arguments>
<msg timestamp="20190213 16:04:37.635" level="INFO">${client2} = &lt;ManhattanComponent.ManhattanComponent instance at 0x04107A58&gt;</msg>
<status status="PASS" endtime="20190213 16:04:37.635" starttime="20190213 16:04:37.632"></status>
</kw>
<kw name="Set Test Variable" library="BuiltIn">
<doc>Makes a variable available everywhere within the scope of the current test.</doc>
<arguments>
<arg>${client3}</arg>
<arg>${client_three}</arg>
</arguments>
<msg timestamp="20190213 16:04:37.641" level="INFO">${client3} = &lt;ManhattanComponent.ManhattanComponent instance at 0x04107A80&gt;</msg>
<status status="PASS" endtime="20190213 16:04:37.641" starttime="20190213 16:04:37.636"></status>
</kw>
<kw name="Set Test Variable" library="BuiltIn">
<doc>Makes a variable available everywhere within the scope of the current test.</doc>
<arguments>
<arg>${client4}</arg>
<arg>${client_four}</arg>
</arguments>
<msg timestamp="20190213 16:04:37.650" level="INFO">${client4} = &lt;ManhattanComponent.ManhattanComponent instance at 0x04107AA8&gt;</msg>
<status status="PASS" endtime="20190213 16:04:37.650" starttime="20190213 16:04:37.642"></status>
</kw>
<status status="PASS" endtime="20190213 16:04:37.651" starttime="20190213 16:04:15.589"></status>
</kw>
<status status="PASS" endtime="20190213 16:04:37.651" starttime="20190213 16:04:15.573"></status>
</kw>
<kw name="Run Keyword If" library="BuiltIn">
<doc>Runs the given keyword with the given arguments, if ``condition`` is true.</doc>
<arguments>
<arg>${conf.user_provision} == 1</arg>
<arg>User Provision</arg>
</arguments>
<status status="PASS" endtime="20190213 16:04:37.655" starttime="20190213 16:04:37.653"></status>
</kw>
<kw name="Select Phone Type with ${client1} and desk_phone and ${EMPTY}" library="ManhattanComponentKeywords">
<kw name="Create Dictionary" library="BuiltIn">
<doc>Creates and returns a dictionary based on the given ``items``.</doc>
<arguments>
<arg>phone_type=${phone_type}</arg>
<arg>soft=${soft}</arg>
</arguments>
<assign>
<var>&amp;{params}</var>
</assign>
<msg timestamp="20190213 16:04:37.660" level="INFO">&amp;{params} = { phone_type=desk_phone | soft= }</msg>
<status status="PASS" endtime="20190213 16:04:37.660" starttime="20190213 16:04:37.657"></status>
</kw>
<kw name="Call Method" library="BuiltIn">
<doc>Calls the named method of the given object with the provided arguments.</doc>
<arguments>
<arg>${client}</arg>
<arg>select_phone_type</arg>
<arg>&amp;{params}</arg>
</arguments>
<msg timestamp="20190213 16:04:37.663" level="ERROR">select_phone_type - FAILED(&lt;type 'exceptions.AttributeError'&gt;, AttributeError("ManhattanComponent instance has no attribute 'peopleGroup'",), &lt;traceback object at 0x042EC5A8&gt;)</msg>
<msg timestamp="20190213 16:04:37.667" level="FAIL">Calling method 'select_phone_type' failed: ManhattanComponent error select_phone_type failed</msg>
<status status="FAIL" endtime="20190213 16:04:37.667" starttime="20190213 16:04:37.661"></status>
</kw>
<status status="FAIL" endtime="20190213 16:04:37.668" starttime="20190213 16:04:37.656"></status>
</kw>
<kw type="teardown" name="Custom Teardown">
<kw name="Run Keyword If" library="BuiltIn">
<doc>Runs the given keyword with the given arguments, if ``condition`` is true.</doc>
<arguments>
<arg>${conf.parallel_execution} == 1</arg>
<arg>Parallel Teardown</arg>
<arg>ELSE</arg>
<arg>Serial Teardown</arg>
</arguments>
<kw name="Parallel Teardown">
<kw name="Close Applications with 4" library="ManhattanComponentKeywords">
<kw name="Create Dictionary" library="BuiltIn">
<doc>Creates and returns a dictionary based on the given ``items``.</doc>
<arguments>
<arg>params=${params}</arg>
</arguments>
<assign>
<var>&amp;{params}</var>
</assign>
<msg timestamp="20190213 16:04:37.674" level="INFO">&amp;{params} = { params=4 }</msg>
<status status="PASS" endtime="20190213 16:04:37.675" starttime="20190213 16:04:37.673"></status>
</kw>
<kw name="Close Applications" library="mnh_parallel_executor">
<arguments>
<arg>&amp;{params}</arg>
</arguments>
<status status="PASS" endtime="20190213 16:04:38.935" starttime="20190213 16:04:37.675"></status>
</kw>
<status status="PASS" endtime="20190213 16:04:38.935" starttime="20190213 16:04:37.672"></status>
</kw>
<status status="PASS" endtime="20190213 16:04:38.951" starttime="20190213 16:04:37.671"></status>
</kw>
<status status="PASS" endtime="20190213 16:04:38.951" starttime="20190213 16:04:37.670"></status>
</kw>
<status status="PASS" endtime="20190213 16:04:38.951" starttime="20190213 16:04:37.668"></status>
</kw>
<timeout value="13 minutes"></timeout>
<status status="FAIL" endtime="20190213 16:04:38.951" critical="yes" starttime="20190213 16:04:15.573">Calling method 'select_phone_type' failed: ManhattanComponent error select_phone_type failed</status>
</test>
<doc>Call-Control-Feature
Aakash
Comments:</doc>
<status status="FAIL" endtime="20190213 16:04:38.951" starttime="20190213 16:04:15.120"></status>
</suite>
<statistics>
<total>
<stat fail="1" pass="0">Critical Tests</stat>
<stat fail="1" pass="0">All Tests</stat>
</total>
<tag>
</tag>
<suite>
<stat fail="1" id="s1" name="Call-Control-Feature 266316" pass="0">Call-Control-Feature 266316</stat>
</suite>
</statistics>
<errors>
<msg timestamp="20190213 16:04:15.542" level="WARN">Entering INIT</msg>
<msg timestamp="20190213 16:04:37.663" level="ERROR">select_phone_type - FAILED(&lt;type 'exceptions.AttributeError'&gt;, AttributeError("ManhattanComponent instance has no attribute 'peopleGroup'",), &lt;traceback object at 0x042EC5A8&gt;)</msg>
</errors>
</robot>
